<?xml version="1.0" encoding="UTF-8"?>
<!-- Generated by org.testng.reporters.JUnitReportReporter -->
<testsuite skipped="0" hostname="LAPTOP-V56M9FQC" name="org.pages.WindowNavigation" tests="1" failures="0" timestamp="22 Nov 2020 13:50:26 GMT" time="45.164" errors="0">
  <testcase name="testcases" time="45.164" classname="org.pages.WindowNavigation"/>
</testsuite> <!-- org.pages.WindowNavigation -->
