<?xml version="1.0" encoding="UTF-8"?>
<!-- Generated by org.testng.reporters.JUnitReportReporter -->
<testsuite skipped="0" hostname="LAPTOP-V56M9FQC" name="org.pages.HomePage" tests="1" failures="0" timestamp="22 Nov 2020 17:57:27 GMT" time="10.537" errors="0">
  <testcase name="browserLaunch" time="10.537" classname="org.pages.HomePage"/>
</testsuite> <!-- org.pages.HomePage -->
